2024-06-17 16:41:59.552 INFO: MACE version: 0.3.4
2024-06-17 16:41:59.552 INFO: Configuration: Namespace(name='model', seed=123, log_dir='logs', model_dir='.', checkpoints_dir='checkpoints', results_dir='results', downloads_dir='downloads', device='cpu', default_dtype='float64', log_level='INFO', error_table='PerAtomRMSE', model='MACE', r_max=5.0, radial_type='bessel', num_radial_basis=8, num_cutoff_basis=5, interaction='RealAgnosticResidualInteractionBlock', interaction_first='RealAgnosticResidualInteractionBlock', max_ell=3, correlation=3, num_interactions=2, MLP_irreps='16x0e', radial_MLP='[64, 64, 64]', hidden_irreps='128x0e + 128x1o', num_channels=None, max_L=None, gate='silu', scaling='rms_forces_scaling', avg_num_neighbors=1, compute_avg_num_neighbors=True, compute_stress=False, compute_forces=True, train_file='data/solvent_mace_train.xyz', valid_file=None, valid_fraction=0.05, test_file='maceTests/solvent_test.xyz', E0s=None, energy_key='energy', forces_key='forces', virials_key='virials', stress_key='stress', dipole_key='dipole', charges_key='charges', loss='weighted', forces_weight=100.0, swa_forces_weight=100.0, energy_weight=1.0, swa_energy_weight=1000.0, virials_weight=1.0, swa_virials_weight=10.0, stress_weight=1.0, swa_stress_weight=10.0, dipole_weight=1.0, swa_dipole_weight=1.0, config_type_weights='{"Default":1.0}', huber_delta=0.01, optimizer='adam', batch_size=10, valid_batch_size=10, lr=0.01, swa_lr=0.001, weight_decay=5e-07, amsgrad=True, scheduler='ReduceLROnPlateau', lr_factor=0.8, scheduler_patience=50, lr_scheduler_gamma=0.9993, swa=False, start_swa=None, ema=False, ema_decay=0.99, max_num_epochs=2048, patience=2048, eval_interval=2, keep_checkpoints=False, restart_latest=False, save_cpu=False, clip_grad=10.0, wandb=False, wandb_project='', wandb_entity='', wandb_name='', wandb_log_hypers=['num_channels', 'max_L', 'correlation', 'lr', 'swa_lr', 'weight_decay', 'batch_size', 'max_num_epochs', 'start_swa', 'energy_weight', 'forces_weight'])
2024-06-17 16:41:59.552 INFO: Using CPU
2024-06-17 16:41:59.589 WARNING: Configuration '0' is marked as 'IsolatedAtom' but does not contain an energy.
2024-06-17 16:41:59.589 WARNING: Configuration '1' is marked as 'IsolatedAtom' but does not contain an energy.
2024-06-17 16:41:59.589 WARNING: Configuration '2' is marked as 'IsolatedAtom' but does not contain an energy.
2024-06-17 16:41:59.591 INFO: Loaded 200 training configurations from 'data/solvent_mace_train.xyz'
2024-06-17 16:41:59.591 INFO: Using random 5.0% of training set for validation
2024-06-17 16:41:59.629 INFO: Loaded 200 test configurations from 'maceTests/solvent_test.xyz'
2024-06-17 16:41:59.629 INFO: Total number of configurations: train=190, valid=10, tests=[Default: 200]
2024-06-17 16:41:59.629 INFO: AtomicNumberTable: (1, 6, 8)
2024-06-17 16:45:48.331 INFO: MACE version: 0.3.4
2024-06-17 16:45:48.332 INFO: Configuration: Namespace(name='model', seed=123, log_dir='logs', model_dir='.', checkpoints_dir='checkpoints', results_dir='results', downloads_dir='downloads', device='cpu', default_dtype='float64', log_level='INFO', error_table='PerAtomRMSE', model='MACE', r_max=5.0, radial_type='bessel', num_radial_basis=8, num_cutoff_basis=5, interaction='RealAgnosticResidualInteractionBlock', interaction_first='RealAgnosticResidualInteractionBlock', max_ell=3, correlation=3, num_interactions=2, MLP_irreps='16x0e', radial_MLP='[64, 64, 64]', hidden_irreps='128x0e + 128x1o', num_channels=None, max_L=None, gate='silu', scaling='rms_forces_scaling', avg_num_neighbors=1, compute_avg_num_neighbors=True, compute_stress=False, compute_forces=True, train_file='data/solvent_mace_train.xyz', valid_file=None, valid_fraction=0.05, test_file='maceTests/solvent_test.xyz', E0s='isolated', energy_key='energy', forces_key='forces', virials_key='virials', stress_key='stress', dipole_key='dipole', charges_key='charges', loss='weighted', forces_weight=100.0, swa_forces_weight=100.0, energy_weight=1.0, swa_energy_weight=1000.0, virials_weight=1.0, swa_virials_weight=10.0, stress_weight=1.0, swa_stress_weight=10.0, dipole_weight=1.0, swa_dipole_weight=1.0, config_type_weights='{"Default":1.0}', huber_delta=0.01, optimizer='adam', batch_size=10, valid_batch_size=10, lr=0.01, swa_lr=0.001, weight_decay=5e-07, amsgrad=True, scheduler='ReduceLROnPlateau', lr_factor=0.8, scheduler_patience=50, lr_scheduler_gamma=0.9993, swa=False, start_swa=None, ema=False, ema_decay=0.99, max_num_epochs=2048, patience=2048, eval_interval=2, keep_checkpoints=False, restart_latest=False, save_cpu=False, clip_grad=10.0, wandb=False, wandb_project='', wandb_entity='', wandb_name='', wandb_log_hypers=['num_channels', 'max_L', 'correlation', 'lr', 'swa_lr', 'weight_decay', 'batch_size', 'max_num_epochs', 'start_swa', 'energy_weight', 'forces_weight'])
2024-06-17 16:45:48.332 INFO: Using CPU
2024-06-17 16:45:48.370 WARNING: Configuration '0' is marked as 'IsolatedAtom' but does not contain an energy.
2024-06-17 16:45:48.370 WARNING: Configuration '1' is marked as 'IsolatedAtom' but does not contain an energy.
2024-06-17 16:45:48.370 WARNING: Configuration '2' is marked as 'IsolatedAtom' but does not contain an energy.
2024-06-17 16:45:48.372 INFO: Loaded 200 training configurations from 'data/solvent_mace_train.xyz'
2024-06-17 16:45:48.372 INFO: Using random 5.0% of training set for validation
2024-06-17 16:45:48.409 INFO: Loaded 200 test configurations from 'maceTests/solvent_test.xyz'
2024-06-17 16:45:48.409 INFO: Total number of configurations: train=190, valid=10, tests=[Default: 200]
2024-06-17 16:45:48.409 INFO: AtomicNumberTable: (1, 6, 8)
2024-06-17 16:45:48.409 INFO: Atomic Energies not in training file, using command line argument E0s
2024-06-17 16:49:03.401 INFO: MACE version: 0.3.4
2024-06-17 16:49:03.401 INFO: Configuration: Namespace(name='model', seed=123, log_dir='logs', model_dir='.', checkpoints_dir='checkpoints', results_dir='results', downloads_dir='downloads', device='cpu', default_dtype='float64', log_level='INFO', error_table='PerAtomRMSE', model='MACE', r_max=5.0, radial_type='bessel', num_radial_basis=8, num_cutoff_basis=5, interaction='RealAgnosticResidualInteractionBlock', interaction_first='RealAgnosticResidualInteractionBlock', max_ell=3, correlation=3, num_interactions=2, MLP_irreps='16x0e', radial_MLP='[64, 64, 64]', hidden_irreps='128x0e + 128x1o', num_channels=None, max_L=None, gate='silu', scaling='rms_forces_scaling', avg_num_neighbors=1, compute_avg_num_neighbors=True, compute_stress=False, compute_forces=True, train_file='data/solvent_mace_train.xyz', valid_file=None, valid_fraction=0.05, test_file='maceTests/solvent_test.xyz', E0s=None, energy_key='energy', forces_key='forces', virials_key='virials', stress_key='stress', dipole_key='dipole', charges_key='charges', loss='weighted', forces_weight=100.0, swa_forces_weight=100.0, energy_weight=1.0, swa_energy_weight=1000.0, virials_weight=1.0, swa_virials_weight=10.0, stress_weight=1.0, swa_stress_weight=10.0, dipole_weight=1.0, swa_dipole_weight=1.0, config_type_weights='{"Default":1.0}', huber_delta=0.01, optimizer='adam', batch_size=10, valid_batch_size=10, lr=0.01, swa_lr=0.001, weight_decay=5e-07, amsgrad=True, scheduler='ReduceLROnPlateau', lr_factor=0.8, scheduler_patience=50, lr_scheduler_gamma=0.9993, swa=False, start_swa=None, ema=False, ema_decay=0.99, max_num_epochs=2048, patience=2048, eval_interval=2, keep_checkpoints=False, restart_latest=False, save_cpu=False, clip_grad=10.0, wandb=False, wandb_project='', wandb_entity='', wandb_name='', wandb_log_hypers=['num_channels', 'max_L', 'correlation', 'lr', 'swa_lr', 'weight_decay', 'batch_size', 'max_num_epochs', 'start_swa', 'energy_weight', 'forces_weight'])
2024-06-17 16:49:03.401 INFO: Using CPU
2024-06-17 16:49:03.438 WARNING: Configuration '0' is marked as 'IsolatedAtom' but does not contain an energy.
2024-06-17 16:49:03.438 WARNING: Configuration '1' is marked as 'IsolatedAtom' but does not contain an energy.
2024-06-17 16:49:03.438 WARNING: Configuration '2' is marked as 'IsolatedAtom' but does not contain an energy.
2024-06-17 16:49:03.440 INFO: Loaded 200 training configurations from 'data/solvent_mace_train.xyz'
2024-06-17 16:49:03.440 INFO: Using random 5.0% of training set for validation
2024-06-17 16:49:03.477 INFO: Loaded 200 test configurations from 'maceTests/solvent_test.xyz'
2024-06-17 16:49:03.477 INFO: Total number of configurations: train=190, valid=10, tests=[Default: 200]
2024-06-17 16:49:03.477 INFO: AtomicNumberTable: (1, 6, 8)
2024-06-17 16:52:20.190 INFO: MACE version: 0.3.4
2024-06-17 16:52:20.190 INFO: Configuration: Namespace(name='model', seed=123, log_dir='logs', model_dir='.', checkpoints_dir='checkpoints', results_dir='results', downloads_dir='downloads', device='cpu', default_dtype='float64', log_level='INFO', error_table='PerAtomRMSE', model='MACE', r_max=5.0, radial_type='bessel', num_radial_basis=8, num_cutoff_basis=5, interaction='RealAgnosticResidualInteractionBlock', interaction_first='RealAgnosticResidualInteractionBlock', max_ell=3, correlation=3, num_interactions=2, MLP_irreps='16x0e', radial_MLP='[64, 64, 64]', hidden_irreps='128x0e + 128x1o', num_channels=None, max_L=None, gate='silu', scaling='rms_forces_scaling', avg_num_neighbors=1, compute_avg_num_neighbors=True, compute_stress=False, compute_forces=True, train_file='data/solvent_mace_train.xyz', valid_file=None, valid_fraction=0.05, test_file='maceTests/solvent_test.xyz', E0s=None, energy_key='energy', forces_key='forces', virials_key='virials', stress_key='stress', dipole_key='dipole', charges_key='charges', loss='weighted', forces_weight=100.0, swa_forces_weight=100.0, energy_weight=1.0, swa_energy_weight=1000.0, virials_weight=1.0, swa_virials_weight=10.0, stress_weight=1.0, swa_stress_weight=10.0, dipole_weight=1.0, swa_dipole_weight=1.0, config_type_weights='{"Default":1.0}', huber_delta=0.01, optimizer='adam', batch_size=10, valid_batch_size=10, lr=0.01, swa_lr=0.001, weight_decay=5e-07, amsgrad=True, scheduler='ReduceLROnPlateau', lr_factor=0.8, scheduler_patience=50, lr_scheduler_gamma=0.9993, swa=False, start_swa=None, ema=False, ema_decay=0.99, max_num_epochs=2048, patience=2048, eval_interval=2, keep_checkpoints=False, restart_latest=False, save_cpu=False, clip_grad=10.0, wandb=False, wandb_project='', wandb_entity='', wandb_name='', wandb_log_hypers=['num_channels', 'max_L', 'correlation', 'lr', 'swa_lr', 'weight_decay', 'batch_size', 'max_num_epochs', 'start_swa', 'energy_weight', 'forces_weight'])
2024-06-17 16:52:20.190 INFO: Using CPU
2024-06-17 16:52:20.230 WARNING: Configuration '0' is marked as 'IsolatedAtom' but does not contain an energy.
2024-06-17 16:52:20.230 WARNING: Configuration '1' is marked as 'IsolatedAtom' but does not contain an energy.
2024-06-17 16:52:20.230 WARNING: Configuration '2' is marked as 'IsolatedAtom' but does not contain an energy.
2024-06-17 16:52:20.232 INFO: Loaded 200 training configurations from 'data/solvent_mace_train.xyz'
2024-06-17 16:52:20.232 INFO: Using random 5.0% of training set for validation
2024-06-17 16:52:20.271 INFO: Loaded 200 test configurations from 'maceTests/solvent_test.xyz'
2024-06-17 16:52:20.271 INFO: Total number of configurations: train=190, valid=10, tests=[Default: 200]
2024-06-17 16:52:20.272 INFO: AtomicNumberTable: (1, 6, 8)
